<?xml version="1.0" encoding="UTF-8"?>
<!-- Generated by org.testng.reporters.JUnitReportReporter -->
<testsuite hostname="DESKTOP-3TLKGCF" failures="0" tests="2" name="testscriptforgrocery.Managenewstest" time="12.425" errors="0" timestamp="2025-06-15T10:08:14 IST" skipped="0">
  <testcase classname="testscriptforgrocery.Managenewstest" name="testManageNews" time="5.829"/>
  <testcase classname="testscriptforgrocery.Managenewstest" name="testManageNews" time="6.596"/>
</testsuite> <!-- testscriptforgrocery.Managenewstest -->
