<?xml version="1.0" encoding="UTF-8"?>
<!-- Generated by org.testng.reporters.JUnitReportReporter -->
<testsuite hostname="DESKTOP-3TLKGCF" failures="0" tests="1" name="testscriptforgrocery.Managecontacttest" time="9.703" errors="0" timestamp="2025-06-15T09:58:05 IST" skipped="0">
  <testcase classname="testscriptforgrocery.Managecontacttest" name="managecontactus" time="9.703"/>
</testsuite> <!-- testscriptforgrocery.Managecontacttest -->
